<?xml version="1.0" encoding="UTF-8"?>
<!-- Generated by org.testng.reporters.JUnitReportReporter -->
<testsuite hostname="DESKTOP-5GR054B" failures="0" tests="1" name="com.qa.testLayer.UniCredsHomePageTest" time="26.570" errors="0" timestamp="2022-10-29T15:06:41 IST" skipped="0">
  <testcase classname="com.qa.testLayer.UniCredsHomePageTest" name="homePageTest" time="26.570"/>
  <system-out/>
</testsuite> <!-- com.qa.testLayer.UniCredsHomePageTest -->
